[07:09:21] [main/INFO]: Loading Minecraft 1.19.2 with Fabric Loader 0.14.9
[07:09:21] [main/INFO]: Loading 49 mods:
	- architectury 6.2.46
	- diggusmaximus 1.5.8-1.19
	- fabric-api 0.60.0+1.19.2
	- fabric-api-base 0.4.11+e62f51a390 via fabric-api
	- fabric-api-lookup-api-v1 1.6.9+9ff28f4090 via fabric-api
	- fabric-biome-api-v1 9.0.17+aeb40ebe90 via fabric-api
	- fabric-command-api-v1 1.2.11+f71b366f90 via fabric-api
	- fabric-command-api-v2 2.1.7+0c17ea9690 via fabric-api
	- fabric-commands-v0 0.2.28+df3654b390 via fabric-api
	- fabric-containers-v0 0.1.34+df3654b390 via fabric-api
	- fabric-content-registries-v0 3.2.3+aeb40ebe90 via fabric-api
	- fabric-convention-tags-v1 1.1.1+7cd20a1490 via fabric-api
	- fabric-crash-report-info-v1 0.2.5+aeb40ebe90 via fabric-api
	- fabric-data-generation-api-v1 5.1.8+a680b9b490 via fabric-api
	- fabric-dimensions-v1 2.1.30+aeb40ebe90 via fabric-api
	- fabric-entity-events-v1 1.4.18+9ff28f4090 via fabric-api
	- fabric-events-interaction-v0 0.4.28+aeb40ebe90 via fabric-api
	- fabric-events-lifecycle-v0 0.2.28+df3654b390 via fabric-api
	- fabric-game-rule-api-v1 1.0.21+aeb40ebe90 via fabric-api
	- fabric-item-api-v1 1.5.7+35a03c4390 via fabric-api
	- fabric-item-groups-v0 0.3.28+aeb40ebe90 via fabric-api
	- fabric-lifecycle-events-v1 2.1.2+aeb40ebe90 via fabric-api
	- fabric-loot-api-v2 1.1.3+83a8659290 via fabric-api
	- fabric-loot-tables-v1 1.1.6+9e7660c690 via fabric-api
	- fabric-message-api-v1 5.0.3+176380a290 via fabric-api
	- fabric-mining-level-api-v1 2.1.14+33fbc73890 via fabric-api
	- fabric-networking-api-v1 1.2.4+5eb68ef290 via fabric-api
	- fabric-networking-v0 0.3.21+df3654b390 via fabric-api
	- fabric-object-builder-api-v1 4.0.11+aeb40ebe90 via fabric-api
	- fabric-particles-v1 1.0.10+aeb40ebe90 via fabric-api
	- fabric-registry-sync-v0 0.9.24+aeb40ebe90 via fabric-api
	- fabric-rendering-data-attachment-v1 0.3.14+aeb40ebe90 via fabric-api
	- fabric-rendering-fluids-v1 3.0.7+aeb40ebe90 via fabric-api
	- fabric-resource-conditions-api-v1 2.0.11+e62f51a390 via fabric-api
	- fabric-resource-loader-v0 0.6.1+aeb40ebe90 via fabric-api
	- fabric-screen-handler-api-v1 1.2.13+9ff28f4090 via fabric-api
	- fabric-transfer-api-v1 2.0.11+83a8659290 via fabric-api
	- fabric-transitive-access-wideners-v1 1.3.0+42d99c3290 via fabric-api
	- fabricloader 0.14.9
	- java 17
	- jei 11.3.0.262
	- kyrptconfig 1.4.14-1.19 via diggusmaximus
	- lithium 0.8.3
	- mcwbridges 2.0.3
	- mcwdoors 1.0.7
	- mcwroofs 2.2.0
	- mcwwindows 2.0.3
	- minecraft 1.19.2
	- xaerominimap 22.14.1
[07:09:22] [main/INFO]: SpongePowered MIXIN Subsystem Version=0.8.5 Source=file:/data/libraries/net/fabricmc/sponge-mixin/0.11.4+mixin.0.8.5/sponge-mixin-0.11.4+mixin.0.8.5.jar Service=Knot/Fabric Env=SERVER
[07:09:22] [main/INFO]: Compatibility level set to JAVA_16
[07:09:22] [main/INFO]: Compatibility level set to JAVA_17
[07:09:22] [main/INFO]: Loaded configuration file for Lithium: 94 options available, 0 override(s) found
[07:09:26] [main/INFO]: Building unoptimized datafixer
[07:09:29] [main/INFO]: Registering ModBlocks for mcwbridges
[07:09:29] [main/INFO]: Registering Mod Items for mcwbridges
[07:09:29] [main/INFO]: Registering ModBlocks for mcwdoors
[07:09:29] [main/INFO]: Registering Mod Items for mcwdoors
[07:09:30] [main/INFO]: Registering ModBlocks for mcwroofs
[07:09:30] [main/INFO]: Registering Mod Items for mcwroofs
[07:09:30] [main/INFO]: Registering ModBlocks for mcwwindows
[07:09:30] [main/INFO]: Registering Mod Items for mcwwindows
[07:09:30] [main/INFO]: Loading Xaero's Minimap - Stage 1/2 (Server)
[07:09:30] [main/INFO]: Environment: authHost='https://authserver.mojang.com', accountsHost='https://api.mojang.com', sessionHost='https://sessionserver.mojang.com', servicesHost='https://api.minecraftservices.com', name='PROD'
[07:09:31] [main/INFO]: [fabric-registry-sync] Loaded registry data [file 1/4]
[07:09:32] [main/INFO]: Loaded 7 recipes
[07:09:32] [main/INFO]: Loaded 1446 advancements
[07:09:34] [main/INFO]: Applied 0 biome modifications to 0 of 63 new biomes in 3.517 ms
[07:09:34] [Server thread/INFO]: Starting minecraft server version 1.19.2
[07:09:34] [Server thread/INFO]: Loading properties
[07:09:34] [Server thread/INFO]: Default game type: CREATIVE
[07:09:34] [Server thread/INFO]: Generating keypair
[07:09:34] [Server thread/INFO]: Starting Minecraft server on *:25565
[07:09:34] [Server thread/INFO]: Using epoll channel type
[07:09:35] [Server thread/INFO]: Preparing level "world"
[07:09:35] [Server thread/INFO]: Preparing start region for dimension minecraft:overworld
[07:09:37] [User Authenticator #1/INFO]: UUID of player zkdltid is 121533e6-b9d7-4052-b2c3-8792454bc0ca
[07:09:41] [Worker-Main-2/INFO]: Preparing spawn area: 0%
[07:09:41] [Worker-Main-1/INFO]: Preparing spawn area: 0%
[07:09:41] [Worker-Main-1/INFO]: Preparing spawn area: 0%
[07:09:41] [Worker-Main-1/INFO]: Preparing spawn area: 0%
[07:09:41] [Worker-Main-1/INFO]: Preparing spawn area: 0%
[07:09:41] [Worker-Main-1/INFO]: Preparing spawn area: 0%
[07:09:41] [Worker-Main-1/INFO]: Preparing spawn area: 0%
[07:09:41] [Worker-Main-1/INFO]: Preparing spawn area: 0%
[07:09:41] [Worker-Main-1/INFO]: Preparing spawn area: 0%
[07:09:41] [Worker-Main-1/INFO]: Preparing spawn area: 0%
[07:09:41] [Worker-Main-1/INFO]: Preparing spawn area: 0%
[07:09:41] [Worker-Main-1/INFO]: Preparing spawn area: 0%
[07:09:41] [Worker-Main-2/INFO]: Preparing spawn area: 0%
[07:09:42] [Worker-Main-1/INFO]: Preparing spawn area: 11%
[07:09:42] [Worker-Main-1/INFO]: Preparing spawn area: 58%
[07:09:43] [Worker-Main-1/INFO]: Preparing spawn area: 90%
[07:09:43] [Server thread/INFO]: Time elapsed: 7559 ms
[07:09:43] [Server thread/INFO]: Done (7.973s)! For help, type "help"
[07:09:43] [Server thread/INFO]: Starting remote control listener
[07:09:43] [Server thread/INFO]: Thread RCON Listener started
[07:09:43] [Server thread/INFO]: RCON running on 0.0.0.0:25575
[07:09:43] [Server thread/INFO]: Loading Xaero's Minimap - Stage 2/2 (Server)
[07:09:43] [Server thread/INFO]: zkdltid[/123.109.243.122:50849] logged in with entity id 72 at (144.3070790821027, -56.0, 317.43182497996906)
[07:09:43] [Server thread/INFO]: zkdltid joined the game
[07:09:46] [Server thread/WARN]: Can't keep up! Is the server overloaded? Running 3673ms or 73 ticks behind
[07:10:37] [Server thread/INFO]: Incorrect argument for command
[07:10:37] [Server thread/INFO]: gamemode c<--[HERE]
[07:10:41] [Server thread/INFO]: Incorrect argument for command
[07:10:41] [Server thread/INFO]: gamemode 1<--[HERE]
[07:11:18] [Server thread/INFO]: Incorrect argument for command
[07:11:18] [Server thread/INFO]: gamemode 1 zkdltid<--[HERE]
[07:11:22] [Server thread/INFO]: Incorrect argument for command
[07:11:22] [Server thread/INFO]: gamemode 0 zkdltid<--[HERE]
[07:11:25] [Server thread/INFO]: Incorrect argument for command
[07:11:25] [Server thread/INFO]: gamemode 2 zkdltid<--[HERE]
